<?xml version="1.0" encoding="UTF-8"?>
<testsuite name="assignment2.AddTest" tests="12" skipped="0" failures="0" errors="0" timestamp="2020-11-02T19:30:07" hostname="Joshs-MacBook-Pro.local" time="0.028">
  <properties/>
  <testcase name="firstPolyZero()" classname="assignment2.AddTest" time="0.002"/>
  <testcase name="bothPolyZero()" classname="assignment2.AddTest" time="0.001"/>
  <testcase name="termsCancelOut()" classname="assignment2.AddTest" time="0.001"/>
  <testcase name="singleTermDifferentExponent()" classname="assignment2.AddTest" time="0.001"/>
  <testcase name="addEmpty()" classname="assignment2.AddTest" time="0.001"/>
  <testcase name="multiTermSameExponents()" classname="assignment2.AddTest" time="0.001"/>
  <testcase name="multiTermDifferentExponents()" classname="assignment2.AddTest" time="0.002"/>
  <testcase name="generalAdd()" classname="assignment2.AddTest" time="0.002"/>
  <testcase name="secondPolyZero()" classname="assignment2.AddTest" time="0.002"/>
  <testcase name="addToEmpty()" classname="assignment2.AddTest" time="0.002"/>
  <testcase name="singleTermSameExponent()" classname="assignment2.AddTest" time="0.001"/>
  <testcase name="multiTermOverlappingExponents()" classname="assignment2.AddTest" time="0.001"/>
  <system-out><![CDATA[]]></system-out>
  <system-err><![CDATA[]]></system-err>
</testsuite>
