<?xml version="1.0" encoding="UTF-8"?>
<testsuite name="assignment2.MultiplyTermTest" tests="10" skipped="0" failures="0" errors="0" timestamp="2020-11-02T19:30:07" hostname="Joshs-MacBook-Pro.local" time="0.019">
  <properties/>
  <testcase name="multiplyEmptyPolynomialByTerm()" classname="assignment2.MultiplyTermTest" time="0.001"/>
  <testcase name="multiplyEmptyPolynomialByZero()" classname="assignment2.MultiplyTermTest" time="0.001"/>
  <testcase name="singleTermSingleTerm()" classname="assignment2.MultiplyTermTest" time="0.001"/>
  <testcase name="singleTermZero()" classname="assignment2.MultiplyTermTest" time="0.001"/>
  <testcase name="singleTermConstant()" classname="assignment2.MultiplyTermTest" time="0.001"/>
  <testcase name="constantZero()" classname="assignment2.MultiplyTermTest" time="0.001"/>
  <testcase name="multiplyPolynomialByZero()" classname="assignment2.MultiplyTermTest" time="0.002"/>
  <testcase name="manyTermsNonConstant()" classname="assignment2.MultiplyTermTest" time="0.002"/>
  <testcase name="multiTermZero()" classname="assignment2.MultiplyTermTest" time="0.003"/>
  <testcase name="manyTermsConstant()" classname="assignment2.MultiplyTermTest" time="0.001"/>
  <system-out><![CDATA[]]></system-out>
  <system-err><![CDATA[]]></system-err>
</testsuite>
